<?xml version="1.0" encoding="UTF-8"?>
<testsuite xmlns:xsi="http://www.w3.org/2001/XMLSchema-instance" xsi:noNamespaceSchemaLocation="https://maven.apache.org/surefire/maven-surefire-plugin/xsd/surefire-test-report-3.0.xsd" version="3.0" name="TestSuite" time="15.7" tests="14" errors="0" skipped="0" failures="0">
  <properties>
    <property name="java.specification.version" value="18"/>
    <property name="sun.cpu.isalist" value="amd64"/>
    <property name="sun.jnu.encoding" value="Cp1252"/>
    <property name="java.class.path" value="C:\Users\Akshay\API_Automation_Scratch\RestAssuredFrameworkAtID\target\test-classes;C:\Users\Akshay\API_Automation_Scratch\RestAssuredFrameworkAtID\target\classes;C:\Users\Akshay\.m2\repository\com\google\guava\guava\30.1-jre\guava-30.1-jre.jar;C:\Users\Akshay\.m2\repository\com\google\guava\failureaccess\1.0.1\failureaccess-1.0.1.jar;C:\Users\Akshay\.m2\repository\com\google\guava\listenablefuture\9999.0-empty-to-avoid-conflict-with-guava\listenablefuture-9999.0-empty-to-avoid-conflict-with-guava.jar;C:\Users\Akshay\.m2\repository\com\google\code\findbugs\jsr305\3.0.2\jsr305-3.0.2.jar;C:\Users\Akshay\.m2\repository\org\checkerframework\checker-qual\3.5.0\checker-qual-3.5.0.jar;C:\Users\Akshay\.m2\repository\com\google\errorprone\error_prone_annotations\2.3.4\error_prone_annotations-2.3.4.jar;C:\Users\Akshay\.m2\repository\com\google\j2objc\j2objc-annotations\1.3\j2objc-annotations-1.3.jar;C:\Users\Akshay\.m2\repository\ch\qos\logback\logback-classic\1.4.14\logback-classic-1.4.14.jar;C:\Users\Akshay\.m2\repository\ch\qos\logback\logback-core\1.4.14\logback-core-1.4.14.jar;C:\Users\Akshay\.m2\repository\org\slf4j\slf4j-api\2.0.7\slf4j-api-2.0.7.jar;C:\Users\Akshay\.m2\repository\io\rest-assured\rest-assured\5.3.2\rest-assured-5.3.2.jar;C:\Users\Akshay\.m2\repository\org\apache\groovy\groovy\4.0.11\groovy-4.0.11.jar;C:\Users\Akshay\.m2\repository\org\apache\groovy\groovy-xml\4.0.11\groovy-xml-4.0.11.jar;C:\Users\Akshay\.m2\repository\org\apache\httpcomponents\httpclient\4.5.13\httpclient-4.5.13.jar;C:\Users\Akshay\.m2\repository\org\apache\httpcomponents\httpcore\4.4.13\httpcore-4.4.13.jar;C:\Users\Akshay\.m2\repository\commons-logging\commons-logging\1.2\commons-logging-1.2.jar;C:\Users\Akshay\.m2\repository\org\apache\httpcomponents\httpmime\4.5.13\httpmime-4.5.13.jar;C:\Users\Akshay\.m2\repository\org\hamcrest\hamcrest\2.2\hamcrest-2.2.jar;C:\Users\Akshay\.m2\repository\org\ccil\cowan\tagsoup\tagsoup\1.2.1\tagsoup-1.2.1.jar;C:\Users\Akshay\.m2\repository\io\rest-assured\json-path\5.3.2\json-path-5.3.2.jar;C:\Users\Akshay\.m2\repository\org\apache\groovy\groovy-json\4.0.11\groovy-json-4.0.11.jar;C:\Users\Akshay\.m2\repository\io\rest-assured\rest-assured-common\5.3.2\rest-assured-common-5.3.2.jar;C:\Users\Akshay\.m2\repository\io\rest-assured\xml-path\5.3.2\xml-path-5.3.2.jar;C:\Users\Akshay\.m2\repository\org\testng\testng\7.8.0\testng-7.8.0.jar;C:\Users\Akshay\.m2\repository\com\beust\jcommander\1.82\jcommander-1.82.jar;C:\Users\Akshay\.m2\repository\org\webjars\jquery\3.6.1\jquery-3.6.1.jar;C:\Users\Akshay\.m2\repository\org\json\json\20231013\json-20231013.jar;C:\Users\Akshay\.m2\repository\io\rest-assured\json-schema-validator\5.3.2\json-schema-validator-5.3.2.jar;C:\Users\Akshay\.m2\repository\com\github\java-json-tools\json-schema-validator\2.2.14\json-schema-validator-2.2.14.jar;C:\Users\Akshay\.m2\repository\com\github\java-json-tools\jackson-coreutils-equivalence\1.0\jackson-coreutils-equivalence-1.0.jar;C:\Users\Akshay\.m2\repository\com\fasterxml\jackson\core\jackson-databind\2.11.0\jackson-databind-2.11.0.jar;C:\Users\Akshay\.m2\repository\com\fasterxml\jackson\core\jackson-annotations\2.11.0\jackson-annotations-2.11.0.jar;C:\Users\Akshay\.m2\repository\com\fasterxml\jackson\core\jackson-core\2.11.0\jackson-core-2.11.0.jar;C:\Users\Akshay\.m2\repository\com\github\java-json-tools\jackson-coreutils\2.0\jackson-coreutils-2.0.jar;C:\Users\Akshay\.m2\repository\com\github\java-json-tools\msg-simple\1.2\msg-simple-1.2.jar;C:\Users\Akshay\.m2\repository\com\github\java-json-tools\btf\1.3\btf-1.3.jar;C:\Users\Akshay\.m2\repository\com\github\java-json-tools\json-schema-core\1.2.14\json-schema-core-1.2.14.jar;C:\Users\Akshay\.m2\repository\com\github\java-json-tools\uri-template\0.10\uri-template-0.10.jar;C:\Users\Akshay\.m2\repository\org\mozilla\rhino\1.7.7.2\rhino-1.7.7.2.jar;C:\Users\Akshay\.m2\repository\com\sun\mail\mailapi\1.6.2\mailapi-1.6.2.jar;C:\Users\Akshay\.m2\repository\joda-time\joda-time\2.10.5\joda-time-2.10.5.jar;C:\Users\Akshay\.m2\repository\com\googlecode\libphonenumber\libphonenumber\8.11.1\libphonenumber-8.11.1.jar;C:\Users\Akshay\.m2\repository\net\sf\jopt-simple\jopt-simple\5.0.4\jopt-simple-5.0.4.jar;C:\Users\Akshay\.m2\repository\org\apache\poi\poi\5.2.4\poi-5.2.4.jar;C:\Users\Akshay\.m2\repository\commons-codec\commons-codec\1.16.0\commons-codec-1.16.0.jar;C:\Users\Akshay\.m2\repository\org\apache\commons\commons-collections4\4.4\commons-collections4-4.4.jar;C:\Users\Akshay\.m2\repository\org\apache\commons\commons-math3\3.6.1\commons-math3-3.6.1.jar;C:\Users\Akshay\.m2\repository\commons-io\commons-io\2.13.0\commons-io-2.13.0.jar;C:\Users\Akshay\.m2\repository\com\zaxxer\SparseBitSet\1.3\SparseBitSet-1.3.jar;C:\Users\Akshay\.m2\repository\org\apache\poi\poi-ooxml\5.2.4\poi-ooxml-5.2.4.jar;C:\Users\Akshay\.m2\repository\org\apache\poi\poi-ooxml-lite\5.2.4\poi-ooxml-lite-5.2.4.jar;C:\Users\Akshay\.m2\repository\org\apache\xmlbeans\xmlbeans\5.1.1\xmlbeans-5.1.1.jar;C:\Users\Akshay\.m2\repository\org\apache\commons\commons-compress\1.24.0\commons-compress-1.24.0.jar;C:\Users\Akshay\.m2\repository\com\github\virtuald\curvesapi\1.08\curvesapi-1.08.jar;C:\Users\Akshay\.m2\repository\com\aventstack\extentreports\5.1.1\extentreports-5.1.1.jar;C:\Users\Akshay\.m2\repository\io\reactivex\rxjava3\rxjava\3.1.6\rxjava-3.1.6.jar;C:\Users\Akshay\.m2\repository\org\reactivestreams\reactive-streams\1.0.4\reactive-streams-1.0.4.jar;C:\Users\Akshay\.m2\repository\org\freemarker\freemarker\2.3.32\freemarker-2.3.32.jar;C:\Users\Akshay\.m2\repository\org\projectlombok\lombok\1.18.26\lombok-1.18.26.jar;C:\Users\Akshay\.m2\repository\com\google\code\gson\gson\2.10.1\gson-2.10.1.jar;C:\Users\Akshay\.m2\repository\org\apache\logging\log4j\log4j-api\2.22.1\log4j-api-2.22.1.jar;C:\Users\Akshay\.m2\repository\org\apache\logging\log4j\log4j-core\2.22.1\log4j-core-2.22.1.jar;C:\Users\Akshay\.m2\repository\com\github\javafaker\javafaker\0.15\javafaker-0.15.jar;C:\Users\Akshay\.m2\repository\org\apache\commons\commons-lang3\3.5\commons-lang3-3.5.jar;C:\Users\Akshay\.m2\repository\org\yaml\snakeyaml\1.20\snakeyaml-1.20-android.jar;C:\Users\Akshay\.m2\repository\com\github\mifmif\generex\1.0.2\generex-1.0.2.jar;C:\Users\Akshay\.m2\repository\dk\brics\automaton\automaton\1.11-8\automaton-1.11-8.jar;"/>
    <property name="java.vm.vendor" value="Oracle Corporation"/>
    <property name="sun.arch.data.model" value="64"/>
    <property name="user.variant" value=""/>
    <property name="java.vendor.url" value="https://java.oracle.com/"/>
    <property name="user.timezone" value="Asia/Calcutta"/>
    <property name="os.name" value="Windows 11"/>
    <property name="java.vm.specification.version" value="18"/>
    <property name="sun.java.launcher" value="SUN_STANDARD"/>
    <property name="user.country" value="IN"/>
    <property name="sun.boot.library.path" value="C:\Users\Akshay\Tools\jdk-18.0.2\bin"/>
    <property name="sun.java.command" value="C:\Users\Akshay\AppData\Local\Temp\surefire13482058254416235435\surefirebooter-20240112113536071_3.jar C:\Users\Akshay\AppData\Local\Temp\surefire13482058254416235435 2024-01-12T11-35-35_748-jvmRun1 surefire-20240112113536071_1tmp surefire_0-20240112113536071_2tmp"/>
    <property name="jdk.debug" value="release"/>
    <property name="surefire.test.class.path" value="C:\Users\Akshay\API_Automation_Scratch\RestAssuredFrameworkAtID\target\test-classes;C:\Users\Akshay\API_Automation_Scratch\RestAssuredFrameworkAtID\target\classes;C:\Users\Akshay\.m2\repository\com\google\guava\guava\30.1-jre\guava-30.1-jre.jar;C:\Users\Akshay\.m2\repository\com\google\guava\failureaccess\1.0.1\failureaccess-1.0.1.jar;C:\Users\Akshay\.m2\repository\com\google\guava\listenablefuture\9999.0-empty-to-avoid-conflict-with-guava\listenablefuture-9999.0-empty-to-avoid-conflict-with-guava.jar;C:\Users\Akshay\.m2\repository\com\google\code\findbugs\jsr305\3.0.2\jsr305-3.0.2.jar;C:\Users\Akshay\.m2\repository\org\checkerframework\checker-qual\3.5.0\checker-qual-3.5.0.jar;C:\Users\Akshay\.m2\repository\com\google\errorprone\error_prone_annotations\2.3.4\error_prone_annotations-2.3.4.jar;C:\Users\Akshay\.m2\repository\com\google\j2objc\j2objc-annotations\1.3\j2objc-annotations-1.3.jar;C:\Users\Akshay\.m2\repository\ch\qos\logback\logback-classic\1.4.14\logback-classic-1.4.14.jar;C:\Users\Akshay\.m2\repository\ch\qos\logback\logback-core\1.4.14\logback-core-1.4.14.jar;C:\Users\Akshay\.m2\repository\org\slf4j\slf4j-api\2.0.7\slf4j-api-2.0.7.jar;C:\Users\Akshay\.m2\repository\io\rest-assured\rest-assured\5.3.2\rest-assured-5.3.2.jar;C:\Users\Akshay\.m2\repository\org\apache\groovy\groovy\4.0.11\groovy-4.0.11.jar;C:\Users\Akshay\.m2\repository\org\apache\groovy\groovy-xml\4.0.11\groovy-xml-4.0.11.jar;C:\Users\Akshay\.m2\repository\org\apache\httpcomponents\httpclient\4.5.13\httpclient-4.5.13.jar;C:\Users\Akshay\.m2\repository\org\apache\httpcomponents\httpcore\4.4.13\httpcore-4.4.13.jar;C:\Users\Akshay\.m2\repository\commons-logging\commons-logging\1.2\commons-logging-1.2.jar;C:\Users\Akshay\.m2\repository\org\apache\httpcomponents\httpmime\4.5.13\httpmime-4.5.13.jar;C:\Users\Akshay\.m2\repository\org\hamcrest\hamcrest\2.2\hamcrest-2.2.jar;C:\Users\Akshay\.m2\repository\org\ccil\cowan\tagsoup\tagsoup\1.2.1\tagsoup-1.2.1.jar;C:\Users\Akshay\.m2\repository\io\rest-assured\json-path\5.3.2\json-path-5.3.2.jar;C:\Users\Akshay\.m2\repository\org\apache\groovy\groovy-json\4.0.11\groovy-json-4.0.11.jar;C:\Users\Akshay\.m2\repository\io\rest-assured\rest-assured-common\5.3.2\rest-assured-common-5.3.2.jar;C:\Users\Akshay\.m2\repository\io\rest-assured\xml-path\5.3.2\xml-path-5.3.2.jar;C:\Users\Akshay\.m2\repository\org\testng\testng\7.8.0\testng-7.8.0.jar;C:\Users\Akshay\.m2\repository\com\beust\jcommander\1.82\jcommander-1.82.jar;C:\Users\Akshay\.m2\repository\org\webjars\jquery\3.6.1\jquery-3.6.1.jar;C:\Users\Akshay\.m2\repository\org\json\json\20231013\json-20231013.jar;C:\Users\Akshay\.m2\repository\io\rest-assured\json-schema-validator\5.3.2\json-schema-validator-5.3.2.jar;C:\Users\Akshay\.m2\repository\com\github\java-json-tools\json-schema-validator\2.2.14\json-schema-validator-2.2.14.jar;C:\Users\Akshay\.m2\repository\com\github\java-json-tools\jackson-coreutils-equivalence\1.0\jackson-coreutils-equivalence-1.0.jar;C:\Users\Akshay\.m2\repository\com\fasterxml\jackson\core\jackson-databind\2.11.0\jackson-databind-2.11.0.jar;C:\Users\Akshay\.m2\repository\com\fasterxml\jackson\core\jackson-annotations\2.11.0\jackson-annotations-2.11.0.jar;C:\Users\Akshay\.m2\repository\com\fasterxml\jackson\core\jackson-core\2.11.0\jackson-core-2.11.0.jar;C:\Users\Akshay\.m2\repository\com\github\java-json-tools\jackson-coreutils\2.0\jackson-coreutils-2.0.jar;C:\Users\Akshay\.m2\repository\com\github\java-json-tools\msg-simple\1.2\msg-simple-1.2.jar;C:\Users\Akshay\.m2\repository\com\github\java-json-tools\btf\1.3\btf-1.3.jar;C:\Users\Akshay\.m2\repository\com\github\java-json-tools\json-schema-core\1.2.14\json-schema-core-1.2.14.jar;C:\Users\Akshay\.m2\repository\com\github\java-json-tools\uri-template\0.10\uri-template-0.10.jar;C:\Users\Akshay\.m2\repository\org\mozilla\rhino\1.7.7.2\rhino-1.7.7.2.jar;C:\Users\Akshay\.m2\repository\com\sun\mail\mailapi\1.6.2\mailapi-1.6.2.jar;C:\Users\Akshay\.m2\repository\joda-time\joda-time\2.10.5\joda-time-2.10.5.jar;C:\Users\Akshay\.m2\repository\com\googlecode\libphonenumber\libphonenumber\8.11.1\libphonenumber-8.11.1.jar;C:\Users\Akshay\.m2\repository\net\sf\jopt-simple\jopt-simple\5.0.4\jopt-simple-5.0.4.jar;C:\Users\Akshay\.m2\repository\org\apache\poi\poi\5.2.4\poi-5.2.4.jar;C:\Users\Akshay\.m2\repository\commons-codec\commons-codec\1.16.0\commons-codec-1.16.0.jar;C:\Users\Akshay\.m2\repository\org\apache\commons\commons-collections4\4.4\commons-collections4-4.4.jar;C:\Users\Akshay\.m2\repository\org\apache\commons\commons-math3\3.6.1\commons-math3-3.6.1.jar;C:\Users\Akshay\.m2\repository\commons-io\commons-io\2.13.0\commons-io-2.13.0.jar;C:\Users\Akshay\.m2\repository\com\zaxxer\SparseBitSet\1.3\SparseBitSet-1.3.jar;C:\Users\Akshay\.m2\repository\org\apache\poi\poi-ooxml\5.2.4\poi-ooxml-5.2.4.jar;C:\Users\Akshay\.m2\repository\org\apache\poi\poi-ooxml-lite\5.2.4\poi-ooxml-lite-5.2.4.jar;C:\Users\Akshay\.m2\repository\org\apache\xmlbeans\xmlbeans\5.1.1\xmlbeans-5.1.1.jar;C:\Users\Akshay\.m2\repository\org\apache\commons\commons-compress\1.24.0\commons-compress-1.24.0.jar;C:\Users\Akshay\.m2\repository\com\github\virtuald\curvesapi\1.08\curvesapi-1.08.jar;C:\Users\Akshay\.m2\repository\com\aventstack\extentreports\5.1.1\extentreports-5.1.1.jar;C:\Users\Akshay\.m2\repository\io\reactivex\rxjava3\rxjava\3.1.6\rxjava-3.1.6.jar;C:\Users\Akshay\.m2\repository\org\reactivestreams\reactive-streams\1.0.4\reactive-streams-1.0.4.jar;C:\Users\Akshay\.m2\repository\org\freemarker\freemarker\2.3.32\freemarker-2.3.32.jar;C:\Users\Akshay\.m2\repository\org\projectlombok\lombok\1.18.26\lombok-1.18.26.jar;C:\Users\Akshay\.m2\repository\com\google\code\gson\gson\2.10.1\gson-2.10.1.jar;C:\Users\Akshay\.m2\repository\org\apache\logging\log4j\log4j-api\2.22.1\log4j-api-2.22.1.jar;C:\Users\Akshay\.m2\repository\org\apache\logging\log4j\log4j-core\2.22.1\log4j-core-2.22.1.jar;C:\Users\Akshay\.m2\repository\com\github\javafaker\javafaker\0.15\javafaker-0.15.jar;C:\Users\Akshay\.m2\repository\org\apache\commons\commons-lang3\3.5\commons-lang3-3.5.jar;C:\Users\Akshay\.m2\repository\org\yaml\snakeyaml\1.20\snakeyaml-1.20-android.jar;C:\Users\Akshay\.m2\repository\com\github\mifmif\generex\1.0.2\generex-1.0.2.jar;C:\Users\Akshay\.m2\repository\dk\brics\automaton\automaton\1.11-8\automaton-1.11-8.jar;"/>
    <property name="sun.cpu.endian" value="little"/>
    <property name="user.home" value="C:\Users\Akshay"/>
    <property name="user.language" value="en"/>
    <property name="java.specification.vendor" value="Oracle Corporation"/>
    <property name="java.version.date" value="2022-07-19"/>
    <property name="java.home" value="C:\Users\Akshay\Tools\jdk-18.0.2"/>
    <property name="file.separator" value="\"/>
    <property name="basedir" value="C:\Users\Akshay\API_Automation_Scratch\RestAssuredFrameworkAtID"/>
    <property name="java.vm.compressedOopsMode" value="32-bit"/>
    <property name="line.separator" value="&#10;"/>
    <property name="java.vm.specification.vendor" value="Oracle Corporation"/>
    <property name="java.specification.name" value="Java Platform API Specification"/>
    <property name="surefire.real.class.path" value="C:\Users\Akshay\AppData\Local\Temp\surefire13482058254416235435\surefirebooter-20240112113536071_3.jar"/>
    <property name="user.script" value=""/>
    <property name="sun.management.compiler" value="HotSpot 64-Bit Tiered Compilers"/>
    <property name="java.runtime.version" value="18.0.2+9-61"/>
    <property name="user.name" value="Akshay"/>
    <property name="path.separator" value=";"/>
    <property name="os.version" value="10.0"/>
    <property name="java.runtime.name" value="Java(TM) SE Runtime Environment"/>
    <property name="file.encoding" value="UTF-8"/>
    <property name="java.vm.name" value="Java HotSpot(TM) 64-Bit Server VM"/>
    <property name="localRepository" value="C:\Users\Akshay\.m2\repository"/>
    <property name="java.vendor.url.bug" value="https://bugreport.java.com/bugreport/"/>
    <property name="java.io.tmpdir" value="C:\Users\Akshay\AppData\Local\Temp\"/>
    <property name="java.version" value="18.0.2"/>
    <property name="user.dir" value="C:\Users\Akshay\API_Automation_Scratch\RestAssuredFrameworkAtID"/>
    <property name="os.arch" value="amd64"/>
    <property name="java.vm.specification.name" value="Java Virtual Machine Specification"/>
    <property name="sun.os.patch.level" value=""/>
    <property name="native.encoding" value="Cp1252"/>
    <property name="java.library.path" value="C:\Users\Akshay\Tools\jdk-18.0.2\bin;C:\WINDOWS\Sun\Java\bin;C:\WINDOWS\system32;C:\WINDOWS;C:\Program Files\Common Files\Oracle\Java\javapath;C:\Program Files\Zulu\zulu-11-jre\bin\;C:\Program Files\Zulu\zulu-18\bin\;C:\WINDOWS\system32;C:\WINDOWS;C:\WINDOWS\System32\Wbem;C:\WINDOWS\System32\WindowsPowerShell\v1.0\;C:\WINDOWS\System32\OpenSSH\;C:\Program Files\dotnet\;C:\MinGW\bin;C:\Program Files\Git\cmd;C:\Users\Akshay\Tools\apache-maven-3.9.6\bin;C:\Users\Akshay\AppData\Local\Programs\Python\Python311\Scripts\;C:\Users\Akshay\AppData\Local\Programs\Python\Python311\;C:\Users\Akshay\AppData\Local\Microsoft\WindowsApps;C:\Program Files\JetBrains\IntelliJ IDEA Community Edition 2022.2\bin;C:\Users\Akshay\AppData\Local\Programs\Microsoft VS Code\bin;C:\Program Files\sfdx\bin;C:\Program Files\JetBrains\PyCharm Community Edition 2022.2.3\bin;;."/>
    <property name="java.vm.info" value="mixed mode, sharing"/>
    <property name="java.vendor" value="Oracle Corporation"/>
    <property name="java.vm.version" value="18.0.2+9-61"/>
    <property name="sun.io.unicode.encoding" value="UnicodeLittle"/>
    <property name="java.class.version" value="62.0"/>
  </properties>
  <testcase name="testCreateUser[Ajay Shelke, Leader](1)" classname="api.test.DataDrivenTest" time="2.604">
    <system-out><![CDATA[11:35:36.817 [main] DEBUG org.testng.TestNG -- suiteXmlPath: "C:\Users\Akshay\API_Automation_Scratch\RestAssuredFrameworkAtID\testng.xml"
HTTP/1.1 201 Created
Date: Fri, 12 Jan 2024 06:05:40 GMT
Content-Type: application/json; charset=utf-8
Content-Length: 51
Connection: keep-alive
Report-To: {"group":"heroku-nel","max_age":3600,"endpoints":[{"url":"https://nel.heroku.com/reports?ts=1705039540&sid=c4c9725f-1ab0-44d8-820f-430df2718e11&s=Pq99ELEHzLbA0vljGk5Do6sjEjr0XOGCK%2BiQYfqEb5k%3D"}]}
Reporting-Endpoints: heroku-nel=https://nel.heroku.com/reports?ts=1705039540&sid=c4c9725f-1ab0-44d8-820f-430df2718e11&s=Pq99ELEHzLbA0vljGk5Do6sjEjr0XOGCK%2BiQYfqEb5k%3D
Nel: {"report_to":"heroku-nel","max_age":3600,"success_fraction":0.005,"failure_fraction":0.05,"response_headers":["Via"]}
X-Powered-By: Express
Access-Control-Allow-Origin: *
Etag: W/"33-vYoA4QY1M+Q123J3cfajf5pi7t8"
Via: 1.1 vegur
CF-Cache-Status: DYNAMIC
Server: cloudflare
CF-RAY: 844335849942a3d3-SIN

{
    "id": "484",
    "createdAt": "2024-01-12T06:05:40.196Z"
}
]]></system-out>
  </testcase>
  <testcase name="testCreateUser[Akshay S, Technlogy Leader](2)" classname="api.test.DataDrivenTest" time="0.629">
    <system-out><![CDATA[HTTP/1.1 201 Created
Date: Fri, 12 Jan 2024 06:05:41 GMT
Content-Type: application/json; charset=utf-8
Content-Length: 50
Connection: keep-alive
Report-To: {"group":"heroku-nel","max_age":3600,"endpoints":[{"url":"https://nel.heroku.com/reports?ts=1705039540&sid=c4c9725f-1ab0-44d8-820f-430df2718e11&s=Pq99ELEHzLbA0vljGk5Do6sjEjr0XOGCK%2BiQYfqEb5k%3D"}]}
Reporting-Endpoints: heroku-nel=https://nel.heroku.com/reports?ts=1705039540&sid=c4c9725f-1ab0-44d8-820f-430df2718e11&s=Pq99ELEHzLbA0vljGk5Do6sjEjr0XOGCK%2BiQYfqEb5k%3D
Nel: {"report_to":"heroku-nel","max_age":3600,"success_fraction":0.005,"failure_fraction":0.05,"response_headers":["Via"]}
X-Powered-By: Express
Access-Control-Allow-Origin: *
Etag: W/"32-Th4VBmgC6P4LwY9SKOLYi46URnk"
Via: 1.1 vegur
CF-Cache-Status: DYNAMIC
Server: cloudflare
CF-RAY: 844335893e874a23-SIN

{
    "id": "94",
    "createdAt": "2024-01-12T06:05:40.938Z"
}
]]></system-out>
  </testcase>
  <testcase name="testCreateUser[Vikas Gupta, Manager](3)" classname="api.test.DataDrivenTest" time="0.667">
    <system-out><![CDATA[HTTP/1.1 201 Created
Date: Fri, 12 Jan 2024 06:05:41 GMT
Content-Type: application/json; charset=utf-8
Content-Length: 51
Connection: keep-alive
Report-To: {"group":"heroku-nel","max_age":3600,"endpoints":[{"url":"https://nel.heroku.com/reports?ts=1705039541&sid=c4c9725f-1ab0-44d8-820f-430df2718e11&s=MtMap%2BZ%2BQIe0jZ9yOJ%2B0VM%2FjC%2F%2Bi9TPv9ZGcw5xawhI%3D"}]}
Reporting-Endpoints: heroku-nel=https://nel.heroku.com/reports?ts=1705039541&sid=c4c9725f-1ab0-44d8-820f-430df2718e11&s=MtMap%2BZ%2BQIe0jZ9yOJ%2B0VM%2FjC%2F%2Bi9TPv9ZGcw5xawhI%3D
Nel: {"report_to":"heroku-nel","max_age":3600,"success_fraction":0.005,"failure_fraction":0.05,"response_headers":["Via"]}
X-Powered-By: Express
Access-Control-Allow-Origin: *
Etag: W/"33-Yg6dgFl07HbVforD1sfwfK6AkaA"
Via: 1.1 vegur
CF-Cache-Status: DYNAMIC
Server: cloudflare
CF-RAY: 8443358d48ee4b8c-SIN

{
    "id": "228",
    "createdAt": "2024-01-12T06:05:41.594Z"
}
]]></system-out>
  </testcase>
  <testcase name="testCreateUser[Sunny S, Engineer](4)" classname="api.test.DataDrivenTest" time="0.669">
    <system-out><![CDATA[HTTP/1.1 201 Created
Date: Fri, 12 Jan 2024 06:05:42 GMT
Content-Type: application/json; charset=utf-8
Content-Length: 50
Connection: keep-alive
Report-To: {"group":"heroku-nel","max_age":3600,"endpoints":[{"url":"https://nel.heroku.com/reports?ts=1705039542&sid=c4c9725f-1ab0-44d8-820f-430df2718e11&s=AMDlxO6ZtBoCPeWPd3%2BD3%2FH76%2BQVR%2FnaXqPiqRjbDTs%3D"}]}
Reporting-Endpoints: heroku-nel=https://nel.heroku.com/reports?ts=1705039542&sid=c4c9725f-1ab0-44d8-820f-430df2718e11&s=AMDlxO6ZtBoCPeWPd3%2BD3%2FH76%2BQVR%2FnaXqPiqRjbDTs%3D
Nel: {"report_to":"heroku-nel","max_age":3600,"success_fraction":0.005,"failure_fraction":0.05,"response_headers":["Via"]}
X-Powered-By: Express
Access-Control-Allow-Origin: *
Etag: W/"32-yIjwsXNvWnwZHT7zUofkI7lIjHs"
Via: 1.1 vegur
CF-Cache-Status: DYNAMIC
Server: cloudflare
CF-RAY: 844335915a245fa2-SIN

{
    "id": "11",
    "createdAt": "2024-01-12T06:05:42.265Z"
}
]]></system-out>
  </testcase>
  <testcase name="testCreateUser[Amruta K, TA](5)" classname="api.test.DataDrivenTest" time="0.678">
    <system-out><![CDATA[HTTP/1.1 201 Created
Date: Fri, 12 Jan 2024 06:05:43 GMT
Content-Type: application/json; charset=utf-8
Content-Length: 51
Connection: keep-alive
Report-To: {"group":"heroku-nel","max_age":3600,"endpoints":[{"url":"https://nel.heroku.com/reports?ts=1705039542&sid=c4c9725f-1ab0-44d8-820f-430df2718e11&s=AMDlxO6ZtBoCPeWPd3%2BD3%2FH76%2BQVR%2FnaXqPiqRjbDTs%3D"}]}
Reporting-Endpoints: heroku-nel=https://nel.heroku.com/reports?ts=1705039542&sid=c4c9725f-1ab0-44d8-820f-430df2718e11&s=AMDlxO6ZtBoCPeWPd3%2BD3%2FH76%2BQVR%2FnaXqPiqRjbDTs%3D
Nel: {"report_to":"heroku-nel","max_age":3600,"success_fraction":0.005,"failure_fraction":0.05,"response_headers":["Via"]}
X-Powered-By: Express
Access-Control-Allow-Origin: *
Etag: W/"33-8sxr8pJE6DeYlDshrC48TycvbeQ"
Via: 1.1 vegur
CF-Cache-Status: DYNAMIC
Server: cloudflare
CF-RAY: 84433595cedc5f81-SIN

{
    "id": "460",
    "createdAt": "2024-01-12T06:05:42.947Z"
}
]]></system-out>
  </testcase>
  <testcase name="testCreateUser[Ajay Shelke](1)" classname="api.test.DataDrivenTest" time="0.673">
    <system-out><![CDATA[HTTP/1.1 201 Created
Date: Fri, 12 Jan 2024 06:05:43 GMT
Content-Type: application/json; charset=utf-8
Content-Length: 50
Connection: keep-alive
Report-To: {"group":"heroku-nel","max_age":3600,"endpoints":[{"url":"https://nel.heroku.com/reports?ts=1705039543&sid=c4c9725f-1ab0-44d8-820f-430df2718e11&s=rCqbOWOFbyizLkMBW1HaIQUwxgpFvkI%2FFuvPpkDcy%2BM%3D"}]}
Reporting-Endpoints: heroku-nel=https://nel.heroku.com/reports?ts=1705039543&sid=c4c9725f-1ab0-44d8-820f-430df2718e11&s=rCqbOWOFbyizLkMBW1HaIQUwxgpFvkI%2FFuvPpkDcy%2BM%3D
Nel: {"report_to":"heroku-nel","max_age":3600,"success_fraction":0.005,"failure_fraction":0.05,"response_headers":["Via"]}
X-Powered-By: Express
Access-Control-Allow-Origin: *
Etag: W/"32-f1cUlvOr5OTj3DXjGIo6skkz9dI"
Via: 1.1 vegur
CF-Cache-Status: DYNAMIC
Server: cloudflare
CF-RAY: 8443359b181eab5f-SIN

{
    "id": "34",
    "createdAt": "2024-01-12T06:05:43.815Z"
}
]]></system-out>
  </testcase>
  <testcase name="testCreateUser[Akshay S](2)" classname="api.test.DataDrivenTest" time="0.675">
    <system-out><![CDATA[HTTP/1.1 201 Created
Date: Fri, 12 Jan 2024 06:05:44 GMT
Content-Type: application/json; charset=utf-8
Content-Length: 50
Connection: keep-alive
Report-To: {"group":"heroku-nel","max_age":3600,"endpoints":[{"url":"https://nel.heroku.com/reports?ts=1705039544&sid=c4c9725f-1ab0-44d8-820f-430df2718e11&s=Ge3NEsMsSCuStbzkDmtpsYHLbUhQLu%2BAHZ4aTJKZBbI%3D"}]}
Reporting-Endpoints: heroku-nel=https://nel.heroku.com/reports?ts=1705039544&sid=c4c9725f-1ab0-44d8-820f-430df2718e11&s=Ge3NEsMsSCuStbzkDmtpsYHLbUhQLu%2BAHZ4aTJKZBbI%3D
Nel: {"report_to":"heroku-nel","max_age":3600,"success_fraction":0.005,"failure_fraction":0.05,"response_headers":["Via"]}
X-Powered-By: Express
Access-Control-Allow-Origin: *
Etag: W/"32-8ezdjaEtWPRoA1t3dwIH/AvhYI4"
Via: 1.1 vegur
CF-Cache-Status: DYNAMIC
Server: cloudflare
CF-RAY: 8443359f6a8f4963-SIN

{
    "id": "73",
    "createdAt": "2024-01-12T06:05:44.507Z"
}
]]></system-out>
  </testcase>
  <testcase name="testCreateUser[Vikas Gupta](3)" classname="api.test.DataDrivenTest" time="0.674">
    <system-out><![CDATA[HTTP/1.1 201 Created
Date: Fri, 12 Jan 2024 06:05:45 GMT
Content-Type: application/json; charset=utf-8
Content-Length: 51
Connection: keep-alive
Report-To: {"group":"heroku-nel","max_age":3600,"endpoints":[{"url":"https://nel.heroku.com/reports?ts=1705039545&sid=c4c9725f-1ab0-44d8-820f-430df2718e11&s=D1WYH9Nmey9YQdrc9g6LqfIbEnL7ebB198Rkm04wz48%3D"}]}
Reporting-Endpoints: heroku-nel=https://nel.heroku.com/reports?ts=1705039545&sid=c4c9725f-1ab0-44d8-820f-430df2718e11&s=D1WYH9Nmey9YQdrc9g6LqfIbEnL7ebB198Rkm04wz48%3D
Nel: {"report_to":"heroku-nel","max_age":3600,"success_fraction":0.005,"failure_fraction":0.05,"response_headers":["Via"]}
X-Powered-By: Express
Access-Control-Allow-Origin: *
Etag: W/"33-1/hmzXKxIH1LE+nbYgMGf5+7Xqs"
Via: 1.1 vegur
CF-Cache-Status: DYNAMIC
Server: cloudflare
CF-RAY: 844335a3ac475f90-SIN

{
    "id": "317",
    "createdAt": "2024-01-12T06:05:45.172Z"
}
]]></system-out>
  </testcase>
  <testcase name="testCreateUser[Sunny S](4)" classname="api.test.DataDrivenTest" time="0.671">
    <system-out><![CDATA[HTTP/1.1 201 Created
Date: Fri, 12 Jan 2024 06:05:45 GMT
Content-Type: application/json; charset=utf-8
Content-Length: 51
Connection: keep-alive
Report-To: {"group":"heroku-nel","max_age":3600,"endpoints":[{"url":"https://nel.heroku.com/reports?ts=1705039545&sid=c4c9725f-1ab0-44d8-820f-430df2718e11&s=D1WYH9Nmey9YQdrc9g6LqfIbEnL7ebB198Rkm04wz48%3D"}]}
Reporting-Endpoints: heroku-nel=https://nel.heroku.com/reports?ts=1705039545&sid=c4c9725f-1ab0-44d8-820f-430df2718e11&s=D1WYH9Nmey9YQdrc9g6LqfIbEnL7ebB198Rkm04wz48%3D
Nel: {"report_to":"heroku-nel","max_age":3600,"success_fraction":0.005,"failure_fraction":0.05,"response_headers":["Via"]}
X-Powered-By: Express
Access-Control-Allow-Origin: *
Etag: W/"33-CdiWB/0XC5C/L7pnO8qb2DGH634"
Via: 1.1 vegur
CF-Cache-Status: DYNAMIC
Server: cloudflare
CF-RAY: 844335a7d9244947-SIN

{
    "id": "619",
    "createdAt": "2024-01-12T06:05:45.849Z"
}
]]></system-out>
  </testcase>
  <testcase name="testCreateUser[Amruta K](5)" classname="api.test.DataDrivenTest" time="0.664">
    <system-out><![CDATA[HTTP/1.1 201 Created
Date: Fri, 12 Jan 2024 06:05:46 GMT
Content-Type: application/json; charset=utf-8
Content-Length: 51
Connection: keep-alive
Report-To: {"group":"heroku-nel","max_age":3600,"endpoints":[{"url":"https://nel.heroku.com/reports?ts=1705039546&sid=c4c9725f-1ab0-44d8-820f-430df2718e11&s=n92GF9%2BI9dw0BW3vwITjGSnWsobs0ICaTERMhMXt5TY%3D"}]}
Reporting-Endpoints: heroku-nel=https://nel.heroku.com/reports?ts=1705039546&sid=c4c9725f-1ab0-44d8-820f-430df2718e11&s=n92GF9%2BI9dw0BW3vwITjGSnWsobs0ICaTERMhMXt5TY%3D
Nel: {"report_to":"heroku-nel","max_age":3600,"success_fraction":0.005,"failure_fraction":0.05,"response_headers":["Via"]}
X-Powered-By: Express
Access-Control-Allow-Origin: *
Etag: W/"33-YLZr6Ds+cXDKs2oDC5blbWMrTW8"
Via: 1.1 vegur
CF-Cache-Status: DYNAMIC
Server: cloudflare
CF-RAY: 844335ac2df6ab44-SIN

{
    "id": "860",
    "createdAt": "2024-01-12T06:05:46.525Z"
}
]]></system-out>
  </testcase>
  <testcase name="testCreateUser" classname="api.test.UserTest" time="0.642">
    <system-out><![CDATA[HTTP/1.1 201 Created
Date: Fri, 12 Jan 2024 06:05:47 GMT
Content-Type: application/json; charset=utf-8
Content-Length: 51
Connection: keep-alive
Report-To: {"group":"heroku-nel","max_age":3600,"endpoints":[{"url":"https://nel.heroku.com/reports?ts=1705039547&sid=c4c9725f-1ab0-44d8-820f-430df2718e11&s=EkRpm9rNl21xzkwnUqMeaukFYojDk3GFT2SYUAzaa3E%3D"}]}
Reporting-Endpoints: heroku-nel=https://nel.heroku.com/reports?ts=1705039547&sid=c4c9725f-1ab0-44d8-820f-430df2718e11&s=EkRpm9rNl21xzkwnUqMeaukFYojDk3GFT2SYUAzaa3E%3D
Nel: {"report_to":"heroku-nel","max_age":3600,"success_fraction":0.005,"failure_fraction":0.05,"response_headers":["Via"]}
X-Powered-By: Express
Access-Control-Allow-Origin: *
Etag: W/"33-GglsFb3JDd47lzkVumq4MtEmSgQ"
Via: 1.1 vegur
CF-Cache-Status: DYNAMIC
Server: cloudflare
CF-RAY: 844335b30bd718f4-SIN

{
    "id": "709",
    "createdAt": "2024-01-12T06:05:47.636Z"
}
]]></system-out>
  </testcase>
  <testcase name="testGETUser" classname="api.test.UserTest" time="0.394">
    <system-out><![CDATA[HTTP/1.1 200 OK
Date: Fri, 12 Jan 2024 06:05:48 GMT
Content-Type: application/json; charset=utf-8
Transfer-Encoding: chunked
Connection: keep-alive
Report-To: {"group":"heroku-nel","max_age":3600,"endpoints":[{"url":"https://nel.heroku.com/reports?ts=1705038149&sid=c4c9725f-1ab0-44d8-820f-430df2718e11&s=9H6If3kDi2ybVohDoqn6AEYDLo4cSJaHTHaVmGGKGUc%3D"}]}
Reporting-Endpoints: heroku-nel=https://nel.heroku.com/reports?ts=1705038149&sid=c4c9725f-1ab0-44d8-820f-430df2718e11&s=9H6If3kDi2ybVohDoqn6AEYDLo4cSJaHTHaVmGGKGUc%3D
Nel: {"report_to":"heroku-nel","max_age":3600,"success_fraction":0.005,"failure_fraction":0.05,"response_headers":["Via"]}
X-Powered-By: Express
Access-Control-Allow-Origin: *
Etag: W/"118-pbdwwFo9SKNhD3Lx5iHJyngpq00"
Via: 1.1 vegur
Cache-Control: max-age=14400
CF-Cache-Status: HIT
Age: 1399
Vary: Accept-Encoding
Server: cloudflare
CF-RAY: 844335b79ef01910-SIN
Content-Encoding: gzip

{
    "data": {
        "id": 2,
        "email": "janet.weaver@reqres.in",
        "first_name": "Janet",
        "last_name": "Weaver",
        "avatar": "https://reqres.in/img/faces/2-image.jpg"
    },
    "support": {
        "url": "https://reqres.in/#support-heading",
        "text": "To keep ReqRes free, contributions towards server costs are appreciated!"
    }
}
]]></system-out>
  </testcase>
  <testcase name="testUpdateUser" classname="api.test.UserTest" time="0.649">
    <system-out><![CDATA[HTTP/1.1 200 OK
Date: Fri, 12 Jan 2024 06:05:48 GMT
Content-Type: application/json; charset=utf-8
Content-Length: 40
Connection: keep-alive
Report-To: {"group":"heroku-nel","max_age":3600,"endpoints":[{"url":"https://nel.heroku.com/reports?ts=1705039548&sid=c4c9725f-1ab0-44d8-820f-430df2718e11&s=zWSDv6V6C%2BGRqwiW0pbtO2MyUz3%2FJTZLb1W%2BaSwX0vU%3D"}]}
Reporting-Endpoints: heroku-nel=https://nel.heroku.com/reports?ts=1705039548&sid=c4c9725f-1ab0-44d8-820f-430df2718e11&s=zWSDv6V6C%2BGRqwiW0pbtO2MyUz3%2FJTZLb1W%2BaSwX0vU%3D
Nel: {"report_to":"heroku-nel","max_age":3600,"success_fraction":0.005,"failure_fraction":0.05,"response_headers":["Via"]}
X-Powered-By: Express
Access-Control-Allow-Origin: *
Etag: W/"28-3jqPgjpOgDPG/Yke6E4RsNsCz3o"
Via: 1.1 vegur
CF-Cache-Status: DYNAMIC
Vary: Accept-Encoding
Server: cloudflare
CF-RAY: 844335b99b384977-SIN

{
    "updatedAt": "2024-01-12T06:05:48.683Z"
}
]]></system-out>
  </testcase>
  <testcase name="testDeleteUser" classname="api.test.UserTest" time="0.68">
    <system-out><![CDATA[HTTP/1.1 204 No Content
Date: Fri, 12 Jan 2024 06:05:49 GMT
Content-Length: 0
Connection: keep-alive
Report-To: {"group":"heroku-nel","max_age":3600,"endpoints":[{"url":"https://nel.heroku.com/reports?ts=1705039549&sid=c4c9725f-1ab0-44d8-820f-430df2718e11&s=6jeBtxo7HlYJV%2B%2BwtEuFMlOvWJUkSQrQ%2FlgizvXKd%2FA%3D"}]}
Reporting-Endpoints: heroku-nel=https://nel.heroku.com/reports?ts=1705039549&sid=c4c9725f-1ab0-44d8-820f-430df2718e11&s=6jeBtxo7HlYJV%2B%2BwtEuFMlOvWJUkSQrQ%2FlgizvXKd%2FA%3D
Nel: {"report_to":"heroku-nel","max_age":3600,"success_fraction":0.005,"failure_fraction":0.05,"response_headers":["Via"]}
X-Powered-By: Express
Access-Control-Allow-Origin: *
Etag: W/"2-vyGp6PvFo4RvsFtPoIWeCReyIC8"
Via: 1.1 vegur
CF-Cache-Status: DYNAMIC
Server: cloudflare
CF-RAY: 844335bdd8235f76-SIN
]]></system-out>
  </testcase>
</testsuite>