<?xml version="1.0" encoding="UTF-8"?>
<!-- Generated by org.testng.reporters.JUnitReportReporter -->
<testsuite hostname="DESKTOP-HDPLE11" failures="0" tests="10" name="api.test.DataDrivenTest" time="8.666" errors="0" timestamp="2024-01-12T11:28:01 IST" skipped="0">
  <testcase classname="api.test.DataDrivenTest" name="testCreateUser" time="0.617"/>
  <system-out/>
  <testcase classname="api.test.DataDrivenTest" name="testCreateUser" time="0.659"/>
  <system-out/>
  <testcase classname="api.test.DataDrivenTest" name="testCreateUser" time="2.914"/>
  <system-out/>
  <testcase classname="api.test.DataDrivenTest" name="testCreateUser" time="0.648"/>
  <system-out/>
  <testcase classname="api.test.DataDrivenTest" name="testCreateUser" time="0.635"/>
  <system-out/>
  <testcase classname="api.test.DataDrivenTest" name="testCreateUser" time="0.642"/>
  <system-out/>
  <testcase classname="api.test.DataDrivenTest" name="testCreateUser" time="0.646"/>
  <system-out/>
  <testcase classname="api.test.DataDrivenTest" name="testCreateUser" time="0.638"/>
  <system-out/>
  <testcase classname="api.test.DataDrivenTest" name="testCreateUser" time="0.642"/>
  <system-out/>
  <testcase classname="api.test.DataDrivenTest" name="testCreateUser" time="0.625"/>
  <system-out/>
</testsuite> <!-- api.test.DataDrivenTest -->
