<?xml version="1.0" encoding="UTF-8"?>
<!-- Generated by org.testng.reporters.JUnitReportReporter -->
<testsuite hostname="DESKTOP-HDPLE11" failures="0" tests="4" name="api.test.UserTest" time="2.862" errors="0" timestamp="2024-01-10T22:49:28 IST" skipped="0">
  <testcase classname="api.test.UserTest" name="testCreateUser" time="0.784"/>
  <system-out/>
  <testcase classname="api.test.UserTest" name="testGETUser" time="0.375"/>
  <system-out/>
  <testcase classname="api.test.UserTest" name="testUpdateUser" time="0.837"/>
  <system-out/>
  <testcase classname="api.test.UserTest" name="testDeleteUser" time="0.866"/>
  <system-out/>
</testsuite> <!-- api.test.UserTest -->
