<?xml version="1.0" encoding="UTF-8"?>
<!-- Generated by org.testng.reporters.JUnitReportReporter -->
<testsuite hostname="DESKTOP-HDPLE11" failures="0" tests="1" name="api.test.LearnLoggingTest" time="2.600" errors="0" timestamp="2024-01-10T23:29:32 IST" skipped="0">
  <testcase classname="api.test.LearnLoggingTest" name="testCreateUser" time="2.600"/>
  <system-out/>
</testsuite> <!-- api.test.LearnLoggingTest -->
