<?xml version="1.0" encoding="UTF-8"?>
<!-- Generated by org.testng.reporters.JUnitReportReporter -->
<testsuite hostname="DESKTOP-HDPLE11" failures="0" tests="10" name="api.test.DataDrivenTest" time="11.538" errors="0" timestamp="2024-01-10T22:49:28 IST" skipped="0">
  <testcase classname="api.test.DataDrivenTest" name="testCreateUser" time="0.883"/>
  <system-out/>
  <testcase classname="api.test.DataDrivenTest" name="testCreateUser" time="0.873"/>
  <system-out/>
  <testcase classname="api.test.DataDrivenTest" name="testCreateUser" time="3.777"/>
  <system-out/>
  <testcase classname="api.test.DataDrivenTest" name="testCreateUser" time="0.871"/>
  <system-out/>
  <testcase classname="api.test.DataDrivenTest" name="testCreateUser" time="0.906"/>
  <system-out/>
  <testcase classname="api.test.DataDrivenTest" name="testCreateUser" time="0.874"/>
  <system-out/>
  <testcase classname="api.test.DataDrivenTest" name="testCreateUser" time="0.808"/>
  <system-out/>
  <testcase classname="api.test.DataDrivenTest" name="testCreateUser" time="0.810"/>
  <system-out/>
  <testcase classname="api.test.DataDrivenTest" name="testCreateUser" time="0.874"/>
  <system-out/>
  <testcase classname="api.test.DataDrivenTest" name="testCreateUser" time="0.862"/>
  <system-out/>
</testsuite> <!-- api.test.DataDrivenTest -->
