<?xml version="1.0" encoding="UTF-8"?>
<!-- Generated by org.testng.reporters.JUnitReportReporter -->
<testsuite hostname="DESKTOP-HDPLE11" failures="0" tests="4" name="api.test.UserTest_UsingPropertiesFile" time="7.961" errors="0" timestamp="2024-01-11T20:13:54 IST" skipped="0">
  <testcase classname="api.test.UserTest_UsingPropertiesFile" name="testCreateUser" time="5.361"/>
  <system-out/>
  <testcase classname="api.test.UserTest_UsingPropertiesFile" name="testGETUser" time="0.711"/>
  <system-out/>
  <testcase classname="api.test.UserTest_UsingPropertiesFile" name="testUpdateUser" time="1.030"/>
  <system-out/>
  <testcase classname="api.test.UserTest_UsingPropertiesFile" name="testDeleteUser" time="0.859"/>
  <system-out/>
</testsuite> <!-- api.test.UserTest_UsingPropertiesFile -->
