<?xml version="1.0" encoding="UTF-8"?>
<!-- Generated by org.testng.reporters.JUnitReportReporter -->
<testsuite hostname="DESKTOP-HDPLE11" failures="0" tests="10" name="api.test.DataDrivenTest" time="9.818" errors="0" timestamp="2024-02-16T15:58:02 IST" skipped="0">
  <testcase classname="api.test.DataDrivenTest" name="testCreateUser" time="4.583"/>
  <system-out/>
  <testcase classname="api.test.DataDrivenTest" name="testCreateUser" time="0.498"/>
  <system-out/>
  <testcase classname="api.test.DataDrivenTest" name="testCreateUser" time="0.507"/>
  <system-out/>
  <testcase classname="api.test.DataDrivenTest" name="testCreateUser" time="0.568"/>
  <system-out/>
  <testcase classname="api.test.DataDrivenTest" name="testCreateUser" time="0.484"/>
  <system-out/>
  <testcase classname="api.test.DataDrivenTest" name="testCreateUser" time="1.158"/>
  <system-out/>
  <testcase classname="api.test.DataDrivenTest" name="testCreateUser" time="0.516"/>
  <system-out/>
  <testcase classname="api.test.DataDrivenTest" name="testCreateUser" time="0.531"/>
  <system-out/>
  <testcase classname="api.test.DataDrivenTest" name="testCreateUser" time="0.494"/>
  <system-out/>
  <testcase classname="api.test.DataDrivenTest" name="testCreateUser" time="0.479"/>
  <system-out/>
</testsuite> <!-- api.test.DataDrivenTest -->
