<?xml version="1.0" encoding="UTF-8"?>
<!-- Generated by org.testng.reporters.JUnitReportReporter -->
<testsuite hostname="DESKTOP-HDPLE11" failures="0" tests="4" name="api.test.UserTest" time="2.257" errors="0" timestamp="2024-01-12T11:28:01 IST" skipped="0">
  <testcase classname="api.test.UserTest" name="testCreateUser" time="0.678"/>
  <system-out/>
  <testcase classname="api.test.UserTest" name="testGETUser" time="0.317"/>
  <system-out/>
  <testcase classname="api.test.UserTest" name="testUpdateUser" time="0.615"/>
  <system-out/>
  <testcase classname="api.test.UserTest" name="testDeleteUser" time="0.647"/>
  <system-out/>
</testsuite> <!-- api.test.UserTest -->
