<?xml version="1.0" encoding="UTF-8"?>
<!-- Generated by org.testng.reporters.JUnitReportReporter -->
<testsuite hostname="DESKTOP-HDPLE11" failures="0" tests="2" name="api.test.UserTest" time="3.180" errors="0" timestamp="2024-01-10T19:04:37 IST" skipped="0">
  <testcase classname="api.test.UserTest" name="testCreateUser" time="2.825"/>
  <system-out/>
  <testcase classname="api.test.UserTest" name="testGETUser" time="0.355"/>
  <system-out/>
</testsuite> <!-- api.test.UserTest -->
