<?xml version="1.0" encoding="UTF-8"?>
<!-- Generated by org.testng.reporters.JUnitReportReporter -->
<testsuite hostname="DESKTOP-HDPLE11" failures="0" tests="10" name="api.test.DataDrivenTest" time="8.681" errors="0" timestamp="2024-01-12T13:49:36 IST" skipped="0">
  <testcase classname="api.test.DataDrivenTest" name="testCreateUser" time="0.995"/>
  <testcase classname="api.test.DataDrivenTest" name="testCreateUser" time="0.650"/>
  <testcase classname="api.test.DataDrivenTest" name="testCreateUser" time="2.490"/>
  <testcase classname="api.test.DataDrivenTest" name="testCreateUser" time="0.653"/>
  <testcase classname="api.test.DataDrivenTest" name="testCreateUser" time="0.650"/>
  <testcase classname="api.test.DataDrivenTest" name="testCreateUser" time="0.624"/>
  <testcase classname="api.test.DataDrivenTest" name="testCreateUser" time="0.647"/>
  <testcase classname="api.test.DataDrivenTest" name="testCreateUser" time="0.654"/>
  <testcase classname="api.test.DataDrivenTest" name="testCreateUser" time="0.659"/>
  <testcase classname="api.test.DataDrivenTest" name="testCreateUser" time="0.659"/>
</testsuite> <!-- api.test.DataDrivenTest -->
