<?xml version="1.0" encoding="UTF-8"?>
<!-- Generated by org.testng.reporters.JUnitReportReporter -->
<testsuite hostname="DESKTOP-HDPLE11" failures="0" tests="10" name="api.test.DataDrivenTest" time="8.577" errors="0" timestamp="2024-01-12T11:35:52 IST" skipped="0">
  <testcase classname="api.test.DataDrivenTest" name="testCreateUser" time="0.666"/>
  <testcase classname="api.test.DataDrivenTest" name="testCreateUser" time="0.675"/>
  <testcase classname="api.test.DataDrivenTest" name="testCreateUser" time="2.588"/>
  <testcase classname="api.test.DataDrivenTest" name="testCreateUser" time="0.629"/>
  <testcase classname="api.test.DataDrivenTest" name="testCreateUser" time="0.666"/>
  <testcase classname="api.test.DataDrivenTest" name="testCreateUser" time="0.663"/>
  <testcase classname="api.test.DataDrivenTest" name="testCreateUser" time="0.673"/>
  <testcase classname="api.test.DataDrivenTest" name="testCreateUser" time="0.669"/>
  <testcase classname="api.test.DataDrivenTest" name="testCreateUser" time="0.680"/>
  <testcase classname="api.test.DataDrivenTest" name="testCreateUser" time="0.668"/>
</testsuite> <!-- api.test.DataDrivenTest -->
