<?xml version="1.0" encoding="UTF-8"?>
<!-- Generated by org.testng.reporters.JUnitReportReporter -->
<testsuite hostname="DESKTOP-HDPLE11" failures="0" tests="4" name="api.test.UserTest" time="2.219" errors="0" timestamp="2024-01-12T13:49:36 IST" skipped="0">
  <testcase classname="api.test.UserTest" name="testCreateUser" time="0.624"/>
  <testcase classname="api.test.UserTest" name="testGETUser" time="0.314"/>
  <testcase classname="api.test.UserTest" name="testUpdateUser" time="0.612"/>
  <testcase classname="api.test.UserTest" name="testDeleteUser" time="0.669"/>
</testsuite> <!-- api.test.UserTest -->
